This file contains any messages produced by compilers while
running configure, to aid debugging if configure makes a mistake.

It was created by player configure 0.1, which was
generated by GNU Autoconf 2.65.  Invocation command line was

  $ /home/esdras/player/configure --enable-maintainer-mode CFLAGS=-g -O0 CXXFLAGS=-g -O0 JFLAGS=-g -O0 FFLAGS=-g -O0 --no-create --no-recursion

## --------- ##
## Platform. ##
## --------- ##

hostname = niggabook
uname -m = x86_64
uname -r = 2.6.31-ARCH
uname -s = Linux
uname -v = #1 SMP PREEMPT Tue Nov 10 19:01:40 CET 2009

/usr/bin/uname -p = unknown
/bin/uname -X     = unknown

/bin/arch              = x86_64
/usr/bin/arch -k       = unknown
/usr/convex/getsysinfo = unknown
/usr/bin/hostinfo      = unknown
/bin/machine           = unknown
/usr/bin/oslevel       = unknown
/bin/universe          = unknown

PATH: /opt/wine/bin
PATH: /bin
PATH: /usr/bin
PATH: /sbin
PATH: /usr/sbin
PATH: /opt/android-sdk/tools
PATH: /opt/java/bin
PATH: /opt/java/jre/bin
PATH: /usr/bin/perlbin/site
PATH: /usr/bin/perlbin/vendor
PATH: /usr/bin/perlbin/core
PATH: /opt/qt/bin


## ----------- ##
## Core tests. ##
## ----------- ##

configure:2528: checking for a BSD-compatible install
configure:2596: result: /bin/install -c
configure:2607: checking whether build environment is sane
configure:2657: result: yes
configure:2798: checking for a thread-safe mkdir -p
configure:2837: result: /bin/mkdir -p
configure:2850: checking for gawk
configure:2866: found /bin/gawk
configure:2877: result: gawk
configure:2888: checking whether make sets $(MAKE)
configure:2910: result: yes
configure:2993: checking whether to enable maintainer-specific portions of Makefiles
configure:3002: result: yes
configure:3028: checking for style of include used by make
configure:3056: result: GNU
configure:3126: checking for gcc
configure:3142: found /usr/bin/gcc
configure:3153: result: gcc
configure:3382: checking for C compiler version
configure:3391: gcc --version >&5
gcc (GCC) 4.4.2 20091208 (prerelease)
Copyright (C) 2009 Free Software Foundation, Inc.
This is free software; see the source for copying conditions.  There is NO
warranty; not even for MERCHANTABILITY or FITNESS FOR A PARTICULAR PURPOSE.

configure:3402: $? = 0
configure:3391: gcc -v >&5
Using built-in specs.
Target: x86_64-unknown-linux-gnu
Configured with: ../configure --prefix=/usr --enable-shared --enable-languages=c,c++,fortran,objc,obj-c++,ada --enable-threads=posix --mandir=/usr/share/man --infodir=/usr/share/info --enable-__cxa_atexit --disable-multilib --libdir=/usr/lib --libexecdir=/usr/lib --enable-clocale=gnu --disable-libstdcxx-pch --with-tune=generic
Thread model: posix
gcc version 4.4.2 20091208 (prerelease) (GCC) 
configure:3402: $? = 0
configure:3391: gcc -V >&5
gcc: '-V' option must have argument
configure:3402: $? = 1
configure:3391: gcc -qversion >&5
gcc: unrecognized option '-qversion'
gcc: no input files
configure:3402: $? = 1
configure:3422: checking whether the C compiler works
configure:3444: gcc -g -O0   conftest.c  >&5
configure:3448: $? = 0
configure:3497: result: yes
configure:3500: checking for C compiler default output file name
configure:3502: result: a.out
configure:3508: checking for suffix of executables
configure:3515: gcc -o conftest -g -O0   conftest.c  >&5
configure:3519: $? = 0
configure:3541: result: 
configure:3563: checking whether we are cross compiling
configure:3571: gcc -o conftest -g -O0   conftest.c  >&5
configure:3575: $? = 0
configure:3582: ./conftest
configure:3586: $? = 0
configure:3601: result: no
configure:3606: checking for suffix of object files
configure:3628: gcc -c -g -O0  conftest.c >&5
configure:3632: $? = 0
configure:3653: result: o
configure:3657: checking whether we are using the GNU C compiler
configure:3676: gcc -c -g -O0  conftest.c >&5
configure:3676: $? = 0
configure:3685: result: yes
configure:3694: checking whether gcc accepts -g
configure:3714: gcc -c -g  conftest.c >&5
configure:3714: $? = 0
configure:3755: result: yes
configure:3772: checking for gcc option to accept ISO C89
configure:3836: gcc  -c -g -O0  conftest.c >&5
configure:3836: $? = 0
configure:3849: result: none needed
configure:3871: checking dependency style of gcc
configure:3981: result: gcc3
configure:3997: checking for library containing strerror
configure:4028: gcc -o conftest -g -O0   conftest.c  >&5
configure:4028: $? = 0
configure:4045: result: none required
configure:4111: checking for g++
configure:4127: found /usr/bin/g++
configure:4138: result: g++
configure:4165: checking for C++ compiler version
configure:4174: g++ --version >&5
g++ (GCC) 4.4.2 20091208 (prerelease)
Copyright (C) 2009 Free Software Foundation, Inc.
This is free software; see the source for copying conditions.  There is NO
warranty; not even for MERCHANTABILITY or FITNESS FOR A PARTICULAR PURPOSE.

configure:4185: $? = 0
configure:4174: g++ -v >&5
Using built-in specs.
Target: x86_64-unknown-linux-gnu
Configured with: ../configure --prefix=/usr --enable-shared --enable-languages=c,c++,fortran,objc,obj-c++,ada --enable-threads=posix --mandir=/usr/share/man --infodir=/usr/share/info --enable-__cxa_atexit --disable-multilib --libdir=/usr/lib --libexecdir=/usr/lib --enable-clocale=gnu --disable-libstdcxx-pch --with-tune=generic
Thread model: posix
gcc version 4.4.2 20091208 (prerelease) (GCC) 
configure:4185: $? = 0
configure:4174: g++ -V >&5
g++: '-V' option must have argument
configure:4185: $? = 1
configure:4174: g++ -qversion >&5
g++: unrecognized option '-qversion'
g++: no input files
configure:4185: $? = 1
configure:4189: checking whether we are using the GNU C++ compiler
configure:4208: g++ -c -g -O0  conftest.cpp >&5
configure:4208: $? = 0
configure:4217: result: yes
configure:4226: checking whether g++ accepts -g
configure:4246: g++ -c -g  conftest.cpp >&5
configure:4246: $? = 0
configure:4287: result: yes
configure:4312: checking dependency style of g++
configure:4422: result: gcc3
configure:4485: checking for gcc
configure:4512: result: gcc
configure:4741: checking for C compiler version
configure:4750: gcc --version >&5
gcc (GCC) 4.4.2 20091208 (prerelease)
Copyright (C) 2009 Free Software Foundation, Inc.
This is free software; see the source for copying conditions.  There is NO
warranty; not even for MERCHANTABILITY or FITNESS FOR A PARTICULAR PURPOSE.

configure:4761: $? = 0
configure:4750: gcc -v >&5
Using built-in specs.
Target: x86_64-unknown-linux-gnu
Configured with: ../configure --prefix=/usr --enable-shared --enable-languages=c,c++,fortran,objc,obj-c++,ada --enable-threads=posix --mandir=/usr/share/man --infodir=/usr/share/info --enable-__cxa_atexit --disable-multilib --libdir=/usr/lib --libexecdir=/usr/lib --enable-clocale=gnu --disable-libstdcxx-pch --with-tune=generic
Thread model: posix
gcc version 4.4.2 20091208 (prerelease) (GCC) 
configure:4761: $? = 0
configure:4750: gcc -V >&5
gcc: '-V' option must have argument
configure:4761: $? = 1
configure:4750: gcc -qversion >&5
gcc: unrecognized option '-qversion'
gcc: no input files
configure:4761: $? = 1
configure:4765: checking whether we are using the GNU C compiler
configure:4793: result: yes
configure:4802: checking whether gcc accepts -g
configure:4863: result: yes
configure:4880: checking for gcc option to accept ISO C89
configure:4957: result: none needed
configure:4979: checking dependency style of gcc
configure:5089: result: gcc3
configure:5112: checking how to run the C preprocessor
configure:5143: gcc -E  conftest.c
configure:5143: $? = 0
configure:5157: gcc -E  conftest.c
conftest.c:11:28: error: ac_nonexistent.h: No such file or directory
configure:5157: $? = 1
configure: failed program was:
| /* confdefs.h */
| #define PACKAGE_NAME "player"
| #define PACKAGE_TARNAME "player"
| #define PACKAGE_VERSION "0.1"
| #define PACKAGE_STRING "player 0.1"
| #define PACKAGE_BUGREPORT ""
| #define PACKAGE_URL ""
| #define PACKAGE "player"
| #define VERSION "0.1"
| /* end confdefs.h.  */
| #include <ac_nonexistent.h>
configure:5182: result: gcc -E
configure:5202: gcc -E  conftest.c
configure:5202: $? = 0
configure:5216: gcc -E  conftest.c
conftest.c:11:28: error: ac_nonexistent.h: No such file or directory
configure:5216: $? = 1
configure: failed program was:
| /* confdefs.h */
| #define PACKAGE_NAME "player"
| #define PACKAGE_TARNAME "player"
| #define PACKAGE_VERSION "0.1"
| #define PACKAGE_STRING "player 0.1"
| #define PACKAGE_BUGREPORT ""
| #define PACKAGE_URL ""
| #define PACKAGE "player"
| #define VERSION "0.1"
| /* end confdefs.h.  */
| #include <ac_nonexistent.h>
configure:5245: checking for grep that handles long lines and -e
configure:5303: result: /bin/grep
configure:5308: checking for egrep
configure:5370: result: /bin/grep -E
configure:5375: checking for ANSI C header files
configure:5395: gcc -c -g -O0  conftest.c >&5
configure:5395: $? = 0
configure:5468: gcc -o conftest -g -O0   conftest.c  >&5
configure:5468: $? = 0
configure:5468: ./conftest
configure:5468: $? = 0
configure:5479: result: yes
configure:5503: checking for sys/types.h
configure:5503: gcc -c -g -O0  conftest.c >&5
configure:5503: $? = 0
configure:5503: result: yes
configure:5503: checking for sys/stat.h
configure:5503: gcc -c -g -O0  conftest.c >&5
configure:5503: $? = 0
configure:5503: result: yes
configure:5503: checking for stdlib.h
configure:5503: gcc -c -g -O0  conftest.c >&5
configure:5503: $? = 0
configure:5503: result: yes
configure:5503: checking for string.h
configure:5503: gcc -c -g -O0  conftest.c >&5
configure:5503: $? = 0
configure:5503: result: yes
configure:5503: checking for memory.h
configure:5503: gcc -c -g -O0  conftest.c >&5
configure:5503: $? = 0
configure:5503: result: yes
configure:5503: checking for strings.h
configure:5503: gcc -c -g -O0  conftest.c >&5
configure:5503: $? = 0
configure:5503: result: yes
configure:5503: checking for inttypes.h
configure:5503: gcc -c -g -O0  conftest.c >&5
configure:5503: $? = 0
configure:5503: result: yes
configure:5503: checking for stdint.h
configure:5503: gcc -c -g -O0  conftest.c >&5
configure:5503: $? = 0
configure:5503: result: yes
configure:5503: checking for unistd.h
configure:5503: gcc -c -g -O0  conftest.c >&5
configure:5503: $? = 0
configure:5503: result: yes
configure:5519: checking locale.h usability
configure:5519: gcc -c -g -O0  conftest.c >&5
configure:5519: $? = 0
configure:5519: result: yes
configure:5519: checking locale.h presence
configure:5519: gcc -E  conftest.c
configure:5519: $? = 0
configure:5519: result: yes
configure:5519: checking for locale.h
configure:5519: result: yes
configure:5530: checking for LC_MESSAGES
configure:5546: gcc -o conftest -g -O0   conftest.c  >&5
configure:5546: $? = 0
configure:5554: result: yes
configure:5571: checking libintl.h usability
configure:5571: gcc -c -g -O0  conftest.c >&5
configure:5571: $? = 0
configure:5571: result: yes
configure:5571: checking libintl.h presence
configure:5571: gcc -E  conftest.c
configure:5571: $? = 0
configure:5571: result: yes
configure:5571: checking for libintl.h
configure:5571: result: yes
configure:5579: checking for ngettext in libc
configure:5597: gcc -o conftest -g -O0   conftest.c  >&5
configure:5597: $? = 0
configure:5606: result: yes
configure:5610: checking for dgettext in libc
configure:5628: gcc -o conftest -g -O0   conftest.c  >&5
configure:5628: $? = 0
configure:5637: result: yes
configure:5644: checking for bind_textdomain_codeset
configure:5644: gcc -o conftest -g -O0   conftest.c  >&5
configure:5644: $? = 0
configure:5644: result: yes
configure:5920: checking for msgfmt
configure:5947: result: /usr/bin/msgfmt
configure:5958: checking for dcgettext
configure:5958: gcc -o conftest -g -O0   conftest.c   >&5
conftest.c:49: warning: conflicting types for built-in function 'dcgettext'
configure:5958: $? = 0
configure:5958: result: yes
configure:5968: checking if msgfmt accepts -c
configure:5983: $MSGFMT -c -o /dev/null conftest.foo
configure:5986: $? = 0
configure:5988: result: yes
configure:5998: checking for gmsgfmt
configure:6029: result: /usr/bin/msgfmt
configure:6039: checking for xgettext
configure:6066: result: /usr/bin/xgettext
configure:6085: gcc -o conftest -g -O0   conftest.c   >&5
configure:6085: $? = 0
configure:6221: checking whether NLS is requested
configure:6230: result: yes
configure:6245: checking for intltool >= 0.35.0
configure:6252: result: 0.41.0 found
configure:6260: checking for intltool-update
configure:6278: found /usr/bin/intltool-update
configure:6290: result: /usr/bin/intltool-update
configure:6300: checking for intltool-merge
configure:6318: found /usr/bin/intltool-merge
configure:6330: result: /usr/bin/intltool-merge
configure:6340: checking for intltool-extract
configure:6358: found /usr/bin/intltool-extract
configure:6370: result: /usr/bin/intltool-extract
configure:6501: checking for xgettext
configure:6531: result: /usr/bin/xgettext
configure:6541: checking for msgmerge
configure:6559: found /usr/bin/msgmerge
configure:6571: result: /usr/bin/msgmerge
configure:6581: checking for msgfmt
configure:6611: result: /usr/bin/msgfmt
configure:6621: checking for gmsgfmt
configure:6652: result: /usr/bin/msgfmt
configure:6672: checking for perl
configure:6690: found /usr/bin/perl
configure:6702: result: /usr/bin/perl
configure:6713: checking for perl >= 5.8.1
configure:6720: result: 5.10.1
configure:6724: checking for XML::Parser
configure:6727: result: ok
configure:6810: checking build system type
configure:6824: result: x86_64-unknown-linux-gnu
configure:6844: checking host system type
configure:6857: result: x86_64-unknown-linux-gnu
configure:6877: checking for a sed that does not truncate output
configure:6941: result: /bin/sed
configure:6959: checking for fgrep
configure:7021: result: /bin/grep -F
configure:7056: checking for ld used by gcc
configure:7123: result: /usr/bin/ld
configure:7130: checking if the linker (/usr/bin/ld) is GNU ld
configure:7145: result: yes
configure:7157: checking for BSD- or MS-compatible name lister (nm)
configure:7206: result: /usr/bin/nm -B
configure:7324: checking the name lister (/usr/bin/nm -B) interface
configure:7331: gcc -c -g -O0  conftest.c >&5
configure:7334: /usr/bin/nm -B "conftest.o"
configure:7337: output
0000000000000000 B some_variable
configure:7344: result: BSD nm
configure:7347: checking whether ln -s works
configure:7351: result: yes
configure:7359: checking the maximum length of command line arguments
configure:7479: result: 3458764513820540925
configure:7496: checking whether the shell understands some XSI constructs
configure:7506: result: yes
configure:7510: checking whether the shell understands "+="
configure:7516: result: yes
configure:7551: checking for /usr/bin/ld option to reload object files
configure:7558: result: -r
configure:7627: checking for objdump
configure:7643: found /usr/bin/objdump
configure:7654: result: objdump
configure:7686: checking how to recognize dependent libraries
configure:7882: result: pass_all
configure:7942: checking for ar
configure:7958: found /usr/bin/ar
configure:7969: result: ar
configure:8047: checking for strip
configure:8063: found /usr/bin/strip
configure:8074: result: strip
configure:8146: checking for ranlib
configure:8162: found /usr/bin/ranlib
configure:8173: result: ranlib
configure:8263: checking command to parse /usr/bin/nm -B output from gcc object
configure:8381: gcc -c -g -O0  conftest.c >&5
configure:8384: $? = 0
configure:8388: /usr/bin/nm -B conftest.o \| sed -n -e 's/^.*[	 ]\([ABCDGIRSTW][ABCDGIRSTW]*\)[	 ][	 ]*\([_A-Za-z][_A-Za-z0-9]*\)$/\1 \2 \2/p' \> conftest.nm
configure:8391: $? = 0
configure:8445: gcc -o conftest -g -O0   conftest.c conftstm.o >&5
configure:8448: $? = 0
configure:8486: result: ok
configure:8581: gcc -c -g -O0  conftest.c >&5
configure:8584: $? = 0
configure:9291: checking for dlfcn.h
configure:9291: gcc -c -g -O0  conftest.c >&5
configure:9291: $? = 0
configure:9291: result: yes
configure:9416: checking for C++ compiler version
configure:9425: g++ --version >&5
g++ (GCC) 4.4.2 20091208 (prerelease)
Copyright (C) 2009 Free Software Foundation, Inc.
This is free software; see the source for copying conditions.  There is NO
warranty; not even for MERCHANTABILITY or FITNESS FOR A PARTICULAR PURPOSE.

configure:9436: $? = 0
configure:9425: g++ -v >&5
Using built-in specs.
Target: x86_64-unknown-linux-gnu
Configured with: ../configure --prefix=/usr --enable-shared --enable-languages=c,c++,fortran,objc,obj-c++,ada --enable-threads=posix --mandir=/usr/share/man --infodir=/usr/share/info --enable-__cxa_atexit --disable-multilib --libdir=/usr/lib --libexecdir=/usr/lib --enable-clocale=gnu --disable-libstdcxx-pch --with-tune=generic
Thread model: posix
gcc version 4.4.2 20091208 (prerelease) (GCC) 
configure:9436: $? = 0
configure:9425: g++ -V >&5
g++: '-V' option must have argument
configure:9436: $? = 1
configure:9425: g++ -qversion >&5
g++: unrecognized option '-qversion'
g++: no input files
configure:9436: $? = 1
configure:9440: checking whether we are using the GNU C++ compiler
configure:9468: result: yes
configure:9477: checking whether g++ accepts -g
configure:9538: result: yes
configure:9563: checking dependency style of g++
configure:9673: result: gcc3
configure:9696: checking how to run the C++ preprocessor
configure:9723: g++ -E  conftest.cpp
configure:9723: $? = 0
configure:9737: g++ -E  conftest.cpp
conftest.cpp:29:28: error: ac_nonexistent.h: No such file or directory
configure:9737: $? = 1
configure: failed program was:
| /* confdefs.h */
| #define PACKAGE_NAME "player"
| #define PACKAGE_TARNAME "player"
| #define PACKAGE_VERSION "0.1"
| #define PACKAGE_STRING "player 0.1"
| #define PACKAGE_BUGREPORT ""
| #define PACKAGE_URL ""
| #define PACKAGE "player"
| #define VERSION "0.1"
| #define STDC_HEADERS 1
| #define GETTEXT_PACKAGE "player"
| #define HAVE_SYS_TYPES_H 1
| #define HAVE_SYS_STAT_H 1
| #define HAVE_STDLIB_H 1
| #define HAVE_STRING_H 1
| #define HAVE_MEMORY_H 1
| #define HAVE_STRINGS_H 1
| #define HAVE_INTTYPES_H 1
| #define HAVE_STDINT_H 1
| #define HAVE_UNISTD_H 1
| #define HAVE_LOCALE_H 1
| #define HAVE_LC_MESSAGES 1
| #define HAVE_BIND_TEXTDOMAIN_CODESET 1
| #define HAVE_GETTEXT 1
| #define HAVE_DCGETTEXT 1
| #define ENABLE_NLS 1
| #define HAVE_DLFCN_H 1
| /* end confdefs.h.  */
| #include <ac_nonexistent.h>
configure:9762: result: g++ -E
configure:9782: g++ -E  conftest.cpp
configure:9782: $? = 0
configure:9796: g++ -E  conftest.cpp
conftest.cpp:29:28: error: ac_nonexistent.h: No such file or directory
configure:9796: $? = 1
configure: failed program was:
| /* confdefs.h */
| #define PACKAGE_NAME "player"
| #define PACKAGE_TARNAME "player"
| #define PACKAGE_VERSION "0.1"
| #define PACKAGE_STRING "player 0.1"
| #define PACKAGE_BUGREPORT ""
| #define PACKAGE_URL ""
| #define PACKAGE "player"
| #define VERSION "0.1"
| #define STDC_HEADERS 1
| #define GETTEXT_PACKAGE "player"
| #define HAVE_SYS_TYPES_H 1
| #define HAVE_SYS_STAT_H 1
| #define HAVE_STDLIB_H 1
| #define HAVE_STRING_H 1
| #define HAVE_MEMORY_H 1
| #define HAVE_STRINGS_H 1
| #define HAVE_INTTYPES_H 1
| #define HAVE_STDINT_H 1
| #define HAVE_UNISTD_H 1
| #define HAVE_LOCALE_H 1
| #define HAVE_LC_MESSAGES 1
| #define HAVE_BIND_TEXTDOMAIN_CODESET 1
| #define HAVE_GETTEXT 1
| #define HAVE_DCGETTEXT 1
| #define ENABLE_NLS 1
| #define HAVE_DLFCN_H 1
| /* end confdefs.h.  */
| #include <ac_nonexistent.h>
configure:10002: checking for objdir
configure:10017: result: .libs
configure:10309: checking if gcc supports -fno-rtti -fno-exceptions
configure:10327: gcc -c -g -O0  -fno-rtti -fno-exceptions conftest.c >&5
cc1: warning: command line option "-fno-rtti" is valid for C++/ObjC++ but not for C
configure:10331: $? = 0
configure:10344: result: no
configure:10364: checking for gcc option to produce PIC
configure:10636: result: -fPIC -DPIC
configure:10648: checking if gcc PIC flag -fPIC -DPIC works
configure:10666: gcc -c -g -O0  -fPIC -DPIC -DPIC conftest.c >&5
configure:10670: $? = 0
configure:10683: result: yes
configure:10707: checking if gcc static flag -static works
configure:10735: result: yes
configure:10750: checking if gcc supports -c -o file.o
configure:10771: gcc -c -g -O0  -o out/conftest2.o conftest.c >&5
configure:10775: $? = 0
configure:10797: result: yes
configure:10805: checking if gcc supports -c -o file.o
configure:10852: result: yes
configure:10885: checking whether the gcc linker (/usr/bin/ld -m elf_x86_64) supports shared libraries
configure:11871: result: yes
configure:11908: checking whether -lc should be explicitly linked in
configure:11913: gcc -c -g -O0  conftest.c >&5
configure:11916: $? = 0
configure:11931: gcc -shared conftest.o  -v -Wl,-soname -Wl,conftest -o conftest 2\>\&1 \| /bin/grep  -lc  \>/dev/null 2\>\&1
configure:11934: $? = 0
configure:11946: result: no
configure:12110: checking dynamic linker characteristics
configure:12543: gcc -o conftest -g -O0   -Wl,-rpath -Wl,/foo conftest.c  >&5
configure:12543: $? = 0
configure:12761: result: GNU/Linux ld.so
configure:12863: checking how to hardcode library paths into programs
configure:12888: result: immediate
configure:13408: checking whether stripping libraries is possible
configure:13413: result: yes
configure:13448: checking if libtool supports shared libraries
configure:13450: result: yes
configure:13453: checking whether to build shared libraries
configure:13474: result: yes
configure:13477: checking whether to build static libraries
configure:13481: result: yes
configure:13631: checking for ld used by g++
configure:13698: result: /usr/bin/ld -m elf_x86_64
configure:13705: checking if the linker (/usr/bin/ld -m elf_x86_64) is GNU ld
configure:13720: result: yes
configure:13775: checking whether the g++ linker (/usr/bin/ld -m elf_x86_64) supports shared libraries
configure:14688: result: yes
configure:14716: g++ -c -g -O0  conftest.cpp >&5
configure:14719: $? = 0
configure:14901: checking for g++ option to produce PIC
configure:15218: result: -fPIC -DPIC
configure:15227: checking if g++ PIC flag -fPIC -DPIC works
configure:15245: g++ -c -g -O0  -fPIC -DPIC -DPIC conftest.cpp >&5
configure:15249: $? = 0
configure:15262: result: yes
configure:15283: checking if g++ static flag -static works
configure:15311: result: yes
configure:15323: checking if g++ supports -c -o file.o
configure:15344: g++ -c -g -O0  -o out/conftest2.o conftest.cpp >&5
configure:15348: $? = 0
configure:15370: result: yes
configure:15375: checking if g++ supports -c -o file.o
configure:15422: result: yes
configure:15452: checking whether the g++ linker (/usr/bin/ld -m elf_x86_64) supports shared libraries
configure:15478: result: yes
configure:15615: checking dynamic linker characteristics
configure:15996: g++ -o conftest -g -O0   -Wl,-rpath -Wl,/foo conftest.cpp  >&5
configure:15996: $? = 0
configure:16214: result: GNU/Linux ld.so
configure:16265: checking how to hardcode library paths into programs
configure:16290: result: immediate
configure:16400: checking for pkg-config
configure:16418: found /usr/bin/pkg-config
configure:16430: result: /usr/bin/pkg-config
configure:16455: checking pkg-config is at least version 0.9.0
configure:16458: result: yes
configure:16469: checking for PLAYER
configure:16476: $PKG_CONFIG --exists --print-errors "gtkmm-2.4 >= 2.12 gstreamer-0.10"
configure:16479: $? = 0
configure:16492: $PKG_CONFIG --exists --print-errors "gtkmm-2.4 >= 2.12 gstreamer-0.10"
configure:16495: $? = 0
configure:16549: result: yes
configure:16697: creating ./config.status

## ---------------- ##
## Cache variables. ##
## ---------------- ##

ac_cv_build=x86_64-unknown-linux-gnu
ac_cv_c_compiler_gnu=yes
ac_cv_cxx_compiler_gnu=yes
ac_cv_env_CCC_set=
ac_cv_env_CCC_value=
ac_cv_env_CC_set=
ac_cv_env_CC_value=
ac_cv_env_CFLAGS_set=set
ac_cv_env_CFLAGS_value='-g -O0'
ac_cv_env_CPPFLAGS_set=
ac_cv_env_CPPFLAGS_value=
ac_cv_env_CPP_set=
ac_cv_env_CPP_value=
ac_cv_env_CXXCPP_set=
ac_cv_env_CXXCPP_value=
ac_cv_env_CXXFLAGS_set=set
ac_cv_env_CXXFLAGS_value='-g -O0'
ac_cv_env_CXX_set=
ac_cv_env_CXX_value=
ac_cv_env_LDFLAGS_set=
ac_cv_env_LDFLAGS_value=
ac_cv_env_LIBS_set=
ac_cv_env_LIBS_value=
ac_cv_env_PKG_CONFIG_set=
ac_cv_env_PKG_CONFIG_value=
ac_cv_env_PLAYER_CFLAGS_set=
ac_cv_env_PLAYER_CFLAGS_value=
ac_cv_env_PLAYER_LIBS_set=
ac_cv_env_PLAYER_LIBS_value=
ac_cv_env_build_alias_set=
ac_cv_env_build_alias_value=
ac_cv_env_host_alias_set=
ac_cv_env_host_alias_value=
ac_cv_env_target_alias_set=
ac_cv_env_target_alias_value=
ac_cv_func_bind_textdomain_codeset=yes
ac_cv_func_dcgettext=yes
ac_cv_header_dlfcn_h=yes
ac_cv_header_inttypes_h=yes
ac_cv_header_libintl_h=yes
ac_cv_header_locale_h=yes
ac_cv_header_memory_h=yes
ac_cv_header_stdc=yes
ac_cv_header_stdint_h=yes
ac_cv_header_stdlib_h=yes
ac_cv_header_string_h=yes
ac_cv_header_strings_h=yes
ac_cv_header_sys_stat_h=yes
ac_cv_header_sys_types_h=yes
ac_cv_header_unistd_h=yes
ac_cv_host=x86_64-unknown-linux-gnu
ac_cv_objext=o
ac_cv_path_EGREP='/bin/grep -E'
ac_cv_path_FGREP='/bin/grep -F'
ac_cv_path_GMSGFMT=/usr/bin/msgfmt
ac_cv_path_GREP=/bin/grep
ac_cv_path_INTLTOOL_EXTRACT=/usr/bin/intltool-extract
ac_cv_path_INTLTOOL_MERGE=/usr/bin/intltool-merge
ac_cv_path_INTLTOOL_PERL=/usr/bin/perl
ac_cv_path_INTLTOOL_UPDATE=/usr/bin/intltool-update
ac_cv_path_MSGFMT=/usr/bin/msgfmt
ac_cv_path_MSGMERGE=/usr/bin/msgmerge
ac_cv_path_SED=/bin/sed
ac_cv_path_XGETTEXT=/usr/bin/xgettext
ac_cv_path_ac_pt_PKG_CONFIG=/usr/bin/pkg-config
ac_cv_path_install='/bin/install -c'
ac_cv_path_mkdir=/bin/mkdir
ac_cv_prog_AWK=gawk
ac_cv_prog_CPP='gcc -E'
ac_cv_prog_CXXCPP='g++ -E'
ac_cv_prog_ac_ct_AR=ar
ac_cv_prog_ac_ct_CC=gcc
ac_cv_prog_ac_ct_CXX=g++
ac_cv_prog_ac_ct_OBJDUMP=objdump
ac_cv_prog_ac_ct_RANLIB=ranlib
ac_cv_prog_ac_ct_STRIP=strip
ac_cv_prog_cc_c89=
ac_cv_prog_cc_g=yes
ac_cv_prog_cxx_g=yes
ac_cv_prog_make_make_set=yes
ac_cv_search_strerror='none required'
am_cv_CC_dependencies_compiler_type=gcc3
am_cv_CXX_dependencies_compiler_type=gcc3
am_cv_prog_cc_stdc=
am_cv_val_LC_MESSAGES=yes
gt_cv_func_dgettext_libc=yes
gt_cv_func_dgettext_libintl=no
gt_cv_func_ngettext_libc=yes
gt_cv_have_gettext=yes
lt_cv_deplibs_check_method=pass_all
lt_cv_file_magic_cmd='$MAGIC_CMD'
lt_cv_file_magic_test_file=
lt_cv_ld_reload_flag=-r
lt_cv_nm_interface='BSD nm'
lt_cv_objdir=.libs
lt_cv_path_LD=/usr/bin/ld
lt_cv_path_LDCXX='/usr/bin/ld -m elf_x86_64'
lt_cv_path_NM='/usr/bin/nm -B'
lt_cv_prog_compiler_c_o=yes
lt_cv_prog_compiler_c_o_CXX=yes
lt_cv_prog_compiler_pic_works=yes
lt_cv_prog_compiler_pic_works_CXX=yes
lt_cv_prog_compiler_rtti_exceptions=no
lt_cv_prog_compiler_static_works=yes
lt_cv_prog_compiler_static_works_CXX=yes
lt_cv_prog_gnu_ld=yes
lt_cv_prog_gnu_ldcxx=yes
lt_cv_sys_global_symbol_pipe='sed -n -e '\''s/^.*[	 ]\([ABCDGIRSTW][ABCDGIRSTW]*\)[	 ][	 ]*\([_A-Za-z][_A-Za-z0-9]*\)$/\1 \2 \2/p'\'''
lt_cv_sys_global_symbol_to_c_name_address='sed -n -e '\''s/^: \([^ ]*\) $/  {\"\1\", (void *) 0},/p'\'' -e '\''s/^[ABCDGIRSTW]* \([^ ]*\) \([^ ]*\)$/  {"\2", (void *) \&\2},/p'\'''
lt_cv_sys_global_symbol_to_c_name_address_lib_prefix='sed -n -e '\''s/^: \([^ ]*\) $/  {\"\1\", (void *) 0},/p'\'' -e '\''s/^[ABCDGIRSTW]* \([^ ]*\) \(lib[^ ]*\)$/  {"\2", (void *) \&\2},/p'\'' -e '\''s/^[ABCDGIRSTW]* \([^ ]*\) \([^ ]*\)$/  {"lib\2", (void *) \&\2},/p'\'''
lt_cv_sys_global_symbol_to_cdecl='sed -n -e '\''s/^T .* \(.*\)$/extern int \1();/p'\'' -e '\''s/^[ABCDGIRSTW]* .* \(.*\)$/extern char \1;/p'\'''
lt_cv_sys_max_cmd_len=3458764513820540925
pkg_cv_PLAYER_CFLAGS='-pthread -I/usr/include/gtkmm-2.4 -I/usr/lib/gtkmm-2.4/include -I/usr/include/giomm-2.4 -I/usr/lib/giomm-2.4/include -I/usr/include/pangomm-1.4 -I/usr/lib/pangomm-1.4/include -I/usr/include/gtk-2.0 -I/usr/include/gtk-unix-print-2.0 -I/usr/include/atkmm-1.6 -I/usr/include/gdkmm-2.4 -I/usr/lib/gdkmm-2.4/include -I/usr/include/glibmm-2.4 -I/usr/lib/glibmm-2.4/include -I/usr/include/glib-2.0 -I/usr/lib/glib-2.0/include -I/usr/include/sigc++-2.0 -I/usr/lib/sigc++-2.0/include -I/usr/include/cairomm-1.0 -I/usr/include/pango-1.0 -I/usr/include/cairo -I/usr/include/pixman-1 -I/usr/include/freetype2 -I/usr/include/libpng12 -I/usr/lib/gtk-2.0/include -I/usr/include/atk-1.0 -I/usr/include/gstreamer-0.10 -I/usr/include/libxml2  '
pkg_cv_PLAYER_LIBS='-pthread -lgtkmm-2.4 -latkmm-1.6 -lgdkmm-2.4 -lgiomm-2.4 -lpangomm-1.4 -lgtk-x11-2.0 -lglibmm-2.4 -lcairomm-1.0 -lsigc-2.0 -lgdk-x11-2.0 -latk-1.0 -lgio-2.0 -lpangoft2-1.0 -lgdk_pixbuf-2.0 -lpangocairo-1.0 -lcairo -lpango-1.0 -lfreetype -lfontconfig -lgstreamer-0.10 -lgobject-2.0 -lgmodule-2.0 -lgthread-2.0 -lrt -lxml2 -lglib-2.0  '

## ----------------- ##
## Output variables. ##
## ----------------- ##

ACLOCAL='${SHELL} /home/esdras/player/missing --run aclocal-1.11'
ALL_LINGUAS=''
AMDEPBACKSLASH='\'
AMDEP_FALSE='#'
AMDEP_TRUE=''
AMTAR='${SHELL} /home/esdras/player/missing --run tar'
AR='ar'
AUTOCONF='${SHELL} /home/esdras/player/missing --run autoconf'
AUTOHEADER='${SHELL} /home/esdras/player/missing --run autoheader'
AUTOMAKE='${SHELL} /home/esdras/player/missing --run automake-1.11'
AWK='gawk'
CATALOGS=''
CATOBJEXT='.gmo'
CC='gcc'
CCDEPMODE='depmode=gcc3'
CFLAGS='-g -O0'
CPP='gcc -E'
CPPFLAGS=''
CXX='g++'
CXXCPP='g++ -E'
CXXDEPMODE='depmode=gcc3'
CXXFLAGS='-g -O0'
CYGPATH_W='echo'
DATADIRNAME='share'
DEFS='-DHAVE_CONFIG_H'
DEPDIR='.deps'
DSYMUTIL=''
DUMPBIN=''
ECHO_C=''
ECHO_N='-n'
ECHO_T=''
EGREP='/bin/grep -E'
EXEEXT=''
FGREP='/bin/grep -F'
GETTEXT_PACKAGE='player'
GMOFILES=''
GMSGFMT='/usr/bin/msgfmt'
GREP='/bin/grep'
INSTALL_DATA='${INSTALL} -m 644'
INSTALL_PROGRAM='${INSTALL}'
INSTALL_SCRIPT='${INSTALL}'
INSTALL_STRIP_PROGRAM='$(install_sh) -c -s'
INSTOBJEXT='.mo'
INTLLIBS=''
INTLTOOL_CAVES_RULE='%.caves:     %.caves.in     $(INTLTOOL_MERGE) $(wildcard $(top_srcdir)/po/*.po) ; LC_ALL=C $(INTLTOOL_MERGE) -d -u -c $(top_builddir)/po/.intltool-merge-cache $(top_srcdir)/po $< $@'
INTLTOOL_DESKTOP_RULE='%.desktop:   %.desktop.in   $(INTLTOOL_MERGE) $(wildcard $(top_srcdir)/po/*.po) ; LC_ALL=C $(INTLTOOL_MERGE) -d -u -c $(top_builddir)/po/.intltool-merge-cache $(top_srcdir)/po $< $@'
INTLTOOL_DIRECTORY_RULE='%.directory: %.directory.in $(INTLTOOL_MERGE) $(wildcard $(top_srcdir)/po/*.po) ; LC_ALL=C $(INTLTOOL_MERGE) -d -u -c $(top_builddir)/po/.intltool-merge-cache $(top_srcdir)/po $< $@'
INTLTOOL_EXTRACT='/usr/bin/intltool-extract'
INTLTOOL_KBD_RULE='%.kbd:       %.kbd.in       $(INTLTOOL_MERGE) $(wildcard $(top_srcdir)/po/*.po) ; LC_ALL=C $(INTLTOOL_MERGE) -x -u -m -c $(top_builddir)/po/.intltool-merge-cache $(top_srcdir)/po $< $@'
INTLTOOL_KEYS_RULE='%.keys:      %.keys.in      $(INTLTOOL_MERGE) $(wildcard $(top_srcdir)/po/*.po) ; LC_ALL=C $(INTLTOOL_MERGE) -k -u -c $(top_builddir)/po/.intltool-merge-cache $(top_srcdir)/po $< $@'
INTLTOOL_MERGE='/usr/bin/intltool-merge'
INTLTOOL_OAF_RULE='%.oaf:       %.oaf.in       $(INTLTOOL_MERGE) $(wildcard $(top_srcdir)/po/*.po) ; LC_ALL=C $(INTLTOOL_MERGE) -o -p $(top_srcdir)/po $< $@'
INTLTOOL_PERL='/usr/bin/perl'
INTLTOOL_POLICY_RULE='%.policy:    %.policy.in    $(INTLTOOL_MERGE) $(wildcard $(top_srcdir)/po/*.po) ; LC_ALL=C $(INTLTOOL_MERGE) -x -u -c $(top_builddir)/po/.intltool-merge-cache $(top_srcdir)/po $< $@'
INTLTOOL_PONG_RULE='%.pong:      %.pong.in      $(INTLTOOL_MERGE) $(wildcard $(top_srcdir)/po/*.po) ; LC_ALL=C $(INTLTOOL_MERGE) -x -u -c $(top_builddir)/po/.intltool-merge-cache $(top_srcdir)/po $< $@'
INTLTOOL_PROP_RULE='%.prop:      %.prop.in      $(INTLTOOL_MERGE) $(wildcard $(top_srcdir)/po/*.po) ; LC_ALL=C $(INTLTOOL_MERGE) -d -u -c $(top_builddir)/po/.intltool-merge-cache $(top_srcdir)/po $< $@'
INTLTOOL_SCHEMAS_RULE='%.schemas:   %.schemas.in   $(INTLTOOL_MERGE) $(wildcard $(top_srcdir)/po/*.po) ; LC_ALL=C $(INTLTOOL_MERGE) -s -u -c $(top_builddir)/po/.intltool-merge-cache $(top_srcdir)/po $< $@'
INTLTOOL_SERVER_RULE='%.server:    %.server.in    $(INTLTOOL_MERGE) $(wildcard $(top_srcdir)/po/*.po) ; LC_ALL=C $(INTLTOOL_MERGE) -o -u -c $(top_builddir)/po/.intltool-merge-cache $(top_srcdir)/po $< $@'
INTLTOOL_SERVICE_RULE='%.service: %.service.in   $(INTLTOOL_MERGE) $(wildcard $(top_srcdir)/po/*.po) ; LC_ALL=C $(INTLTOOL_MERGE) -d -u -c $(top_builddir)/po/.intltool-merge-cache $(top_srcdir)/po $< $@'
INTLTOOL_SHEET_RULE='%.sheet:     %.sheet.in     $(INTLTOOL_MERGE) $(wildcard $(top_srcdir)/po/*.po) ; LC_ALL=C $(INTLTOOL_MERGE) -x -u -c $(top_builddir)/po/.intltool-merge-cache $(top_srcdir)/po $< $@'
INTLTOOL_SOUNDLIST_RULE='%.soundlist: %.soundlist.in $(INTLTOOL_MERGE) $(wildcard $(top_srcdir)/po/*.po) ; LC_ALL=C $(INTLTOOL_MERGE) -d -u -c $(top_builddir)/po/.intltool-merge-cache $(top_srcdir)/po $< $@'
INTLTOOL_THEME_RULE='%.theme:     %.theme.in     $(INTLTOOL_MERGE) $(wildcard $(top_srcdir)/po/*.po) ; LC_ALL=C $(INTLTOOL_MERGE) -d -u -c $(top_builddir)/po/.intltool-merge-cache $(top_srcdir)/po $< $@'
INTLTOOL_UI_RULE='%.ui:        %.ui.in        $(INTLTOOL_MERGE) $(wildcard $(top_srcdir)/po/*.po) ; LC_ALL=C $(INTLTOOL_MERGE) -x -u -c $(top_builddir)/po/.intltool-merge-cache $(top_srcdir)/po $< $@'
INTLTOOL_UPDATE='/usr/bin/intltool-update'
INTLTOOL_XAM_RULE='%.xam:       %.xml.in       $(INTLTOOL_MERGE) $(wildcard $(top_srcdir)/po/*.po) ; LC_ALL=C $(INTLTOOL_MERGE) -x -u -c $(top_builddir)/po/.intltool-merge-cache $(top_srcdir)/po $< $@'
INTLTOOL_XML_NOMERGE_RULE='%.xml:       %.xml.in       $(INTLTOOL_MERGE) ; LC_ALL=C $(INTLTOOL_MERGE) -x -u /tmp $< $@'
INTLTOOL_XML_RULE='%.xml:       %.xml.in       $(INTLTOOL_MERGE) $(wildcard $(top_srcdir)/po/*.po) ; LC_ALL=C $(INTLTOOL_MERGE) -x -u -c $(top_builddir)/po/.intltool-merge-cache $(top_srcdir)/po $< $@'
LD='/usr/bin/ld -m elf_x86_64'
LDFLAGS=''
LIBOBJS=''
LIBS=''
LIBTOOL='$(SHELL) $(top_builddir)/libtool'
LIPO=''
LN_S='ln -s'
LTLIBOBJS=''
MAINT=''
MAINTAINER_MODE_FALSE='#'
MAINTAINER_MODE_TRUE=''
MAKEINFO='${SHELL} /home/esdras/player/missing --run makeinfo'
MKDIR_P='/bin/mkdir -p'
MKINSTALLDIRS='/home/esdras/player/mkinstalldirs'
MSGFMT='/usr/bin/msgfmt'
MSGFMT_OPTS='-c'
MSGMERGE='/usr/bin/msgmerge'
NM='/usr/bin/nm -B'
NMEDIT=''
OBJDUMP='objdump'
OBJEXT='o'
OTOOL64=''
OTOOL=''
PACKAGE='player'
PACKAGE_BUGREPORT=''
PACKAGE_NAME='player'
PACKAGE_STRING='player 0.1'
PACKAGE_TARNAME='player'
PACKAGE_URL=''
PACKAGE_VERSION='0.1'
PATH_SEPARATOR=':'
PKG_CONFIG='/usr/bin/pkg-config'
PLAYER_CFLAGS='-pthread -I/usr/include/gtkmm-2.4 -I/usr/lib/gtkmm-2.4/include -I/usr/include/giomm-2.4 -I/usr/lib/giomm-2.4/include -I/usr/include/pangomm-1.4 -I/usr/lib/pangomm-1.4/include -I/usr/include/gtk-2.0 -I/usr/include/gtk-unix-print-2.0 -I/usr/include/atkmm-1.6 -I/usr/include/gdkmm-2.4 -I/usr/lib/gdkmm-2.4/include -I/usr/include/glibmm-2.4 -I/usr/lib/glibmm-2.4/include -I/usr/include/glib-2.0 -I/usr/lib/glib-2.0/include -I/usr/include/sigc++-2.0 -I/usr/lib/sigc++-2.0/include -I/usr/include/cairomm-1.0 -I/usr/include/pango-1.0 -I/usr/include/cairo -I/usr/include/pixman-1 -I/usr/include/freetype2 -I/usr/include/libpng12 -I/usr/lib/gtk-2.0/include -I/usr/include/atk-1.0 -I/usr/include/gstreamer-0.10 -I/usr/include/libxml2  '
PLAYER_LIBS='-pthread -lgtkmm-2.4 -latkmm-1.6 -lgdkmm-2.4 -lgiomm-2.4 -lpangomm-1.4 -lgtk-x11-2.0 -lglibmm-2.4 -lcairomm-1.0 -lsigc-2.0 -lgdk-x11-2.0 -latk-1.0 -lgio-2.0 -lpangoft2-1.0 -lgdk_pixbuf-2.0 -lpangocairo-1.0 -lcairo -lpango-1.0 -lfreetype -lfontconfig -lgstreamer-0.10 -lgobject-2.0 -lgmodule-2.0 -lgthread-2.0 -lrt -lxml2 -lglib-2.0  '
POFILES=''
POSUB='po'
PO_IN_DATADIR_FALSE=''
PO_IN_DATADIR_TRUE=''
RANLIB='ranlib'
SED='/bin/sed'
SET_MAKE=''
SHELL='/bin/sh'
STRIP='strip'
USE_NLS='yes'
VERSION='0.1'
XGETTEXT='/usr/bin/xgettext'
ac_ct_CC='gcc'
ac_ct_CXX='g++'
ac_ct_DUMPBIN=''
am__EXEEXT_FALSE=''
am__EXEEXT_TRUE='#'
am__fastdepCC_FALSE='#'
am__fastdepCC_TRUE=''
am__fastdepCXX_FALSE='#'
am__fastdepCXX_TRUE=''
am__include='include'
am__isrc=' -I$(srcdir)'
am__leading_dot='.'
am__quote=''
am__tar='${AMTAR} chof - "$$tardir"'
am__untar='${AMTAR} xf -'
bindir='${exec_prefix}/bin'
build='x86_64-unknown-linux-gnu'
build_alias=''
build_cpu='x86_64'
build_os='linux-gnu'
build_vendor='unknown'
datadir='${datarootdir}'
datarootdir='${prefix}/share'
docdir='${datarootdir}/doc/${PACKAGE_TARNAME}'
dvidir='${docdir}'
exec_prefix='${prefix}'
host='x86_64-unknown-linux-gnu'
host_alias=''
host_cpu='x86_64'
host_os='linux-gnu'
host_vendor='unknown'
htmldir='${docdir}'
includedir='${prefix}/include'
infodir='${datarootdir}/info'
install_sh='${SHELL} /home/esdras/player/install-sh'
libdir='${exec_prefix}/lib'
libexecdir='${exec_prefix}/libexec'
localedir='${datarootdir}/locale'
localstatedir='${prefix}/var'
lt_ECHO='echo'
mandir='${datarootdir}/man'
mkdir_p='/bin/mkdir -p'
oldincludedir='/usr/include'
pdfdir='${docdir}'
prefix='/usr/local'
program_transform_name='s,x,x,'
psdir='${docdir}'
sbindir='${exec_prefix}/sbin'
sharedstatedir='${prefix}/com'
sysconfdir='${prefix}/etc'
target_alias=''

## ----------- ##
## confdefs.h. ##
## ----------- ##

/* confdefs.h */
#define PACKAGE_NAME "player"
#define PACKAGE_TARNAME "player"
#define PACKAGE_VERSION "0.1"
#define PACKAGE_STRING "player 0.1"
#define PACKAGE_BUGREPORT ""
#define PACKAGE_URL ""
#define PACKAGE "player"
#define VERSION "0.1"
#define STDC_HEADERS 1
#define GETTEXT_PACKAGE "player"
#define HAVE_SYS_TYPES_H 1
#define HAVE_SYS_STAT_H 1
#define HAVE_STDLIB_H 1
#define HAVE_STRING_H 1
#define HAVE_MEMORY_H 1
#define HAVE_STRINGS_H 1
#define HAVE_INTTYPES_H 1
#define HAVE_STDINT_H 1
#define HAVE_UNISTD_H 1
#define HAVE_LOCALE_H 1
#define HAVE_LC_MESSAGES 1
#define HAVE_BIND_TEXTDOMAIN_CODESET 1
#define HAVE_GETTEXT 1
#define HAVE_DCGETTEXT 1
#define ENABLE_NLS 1
#define HAVE_DLFCN_H 1
#define LT_OBJDIR ".libs/"

configure: exit 0

## ---------------------- ##
## Running config.status. ##
## ---------------------- ##

This file was extended by player config.status 0.1, which was
generated by GNU Autoconf 2.65.  Invocation command line was

  CONFIG_FILES    = 
  CONFIG_HEADERS  = 
  CONFIG_LINKS    = 
  CONFIG_COMMANDS = 
  $ ./config.status 

on niggabook

config.status:1208: creating Makefile
config.status:1208: creating src/Makefile
config.status:1208: creating src/widgets/Makefile
config.status:1208: creating po/Makefile.in
config.status:1208: creating config.h
config.status:1373: config.h is unchanged
config.status:1421: executing depfiles commands
config.status:1421: executing default-1 commands
config.status:1421: executing libtool commands
config.status:1421: executing po/stamp-it commands

## ---------------------- ##
## Running config.status. ##
## ---------------------- ##

This file was extended by player config.status 0.1, which was
generated by GNU Autoconf 2.65.  Invocation command line was

  CONFIG_FILES    = 
  CONFIG_HEADERS  = 
  CONFIG_LINKS    = 
  CONFIG_COMMANDS = 
  $ ./config.status config.h

on niggabook

config.status:1208: creating config.h
config.status:1373: config.h is unchanged
